2025-06-25T07:47:55.720+04:00  INFO 25804 --- [demo] [restartedMain] c.example.demo.OnlineStoreApplication    : Starting OnlineStoreApplication using Java 24.0.1 with PID 25804 (C:\Users\Irina\Desktop\project27\target\classes started by Irina in C:\Users\Irina\Desktop\project27)
2025-06-25T07:47:55.723+04:00  INFO 25804 --- [demo] [restartedMain] c.example.demo.OnlineStoreApplication    : No active profile set, falling back to 1 default profile: "default"
2025-06-25T07:47:55.779+04:00  INFO 25804 --- [demo] [restartedMain] .e.DevToolsPropertyDefaultsPostProcessor : Devtools property defaults active! Set 'spring.devtools.add-properties' to 'false' to disable
2025-06-25T07:47:55.779+04:00  INFO 25804 --- [demo] [restartedMain] .e.DevToolsPropertyDefaultsPostProcessor : For additional web related logging consider setting the 'logging.level.web' property to 'DEBUG'
2025-06-25T07:47:56.476+04:00  INFO 25804 --- [demo] [restartedMain] .s.d.r.c.RepositoryConfigurationDelegate : Bootstrapping Spring Data JPA repositories in DEFAULT mode.
2025-06-25T07:47:56.566+04:00  INFO 25804 --- [demo] [restartedMain] .s.d.r.c.RepositoryConfigurationDelegate : Finished Spring Data repository scanning in 81 ms. Found 5 JPA repository interfaces.
2025-06-25T07:47:57.038+04:00  INFO 25804 --- [demo] [restartedMain] o.s.b.w.embedded.tomcat.TomcatWebServer  : Tomcat initialized with port 8080 (http)
2025-06-25T07:47:57.053+04:00  INFO 25804 --- [demo] [restartedMain] o.apache.catalina.core.StandardService   : Starting service [Tomcat]
2025-06-25T07:47:57.053+04:00  INFO 25804 --- [demo] [restartedMain] o.apache.catalina.core.StandardEngine    : Starting Servlet engine: [Apache Tomcat/11.0.8]
2025-06-25T07:47:57.093+04:00  INFO 25804 --- [demo] [restartedMain] o.a.c.c.C.[Tomcat].[localhost].[/]       : Initializing Spring embedded WebApplicationContext
2025-06-25T07:47:57.094+04:00  INFO 25804 --- [demo] [restartedMain] w.s.c.ServletWebServerApplicationContext : Root WebApplicationContext: initialization completed in 1313 ms
2025-06-25T07:47:57.249+04:00  INFO 25804 --- [demo] [restartedMain] o.hibernate.jpa.internal.util.LogHelper  : HHH000204: Processing PersistenceUnitInfo [name: default]
2025-06-25T07:47:57.301+04:00  INFO 25804 --- [demo] [restartedMain] org.hibernate.Version                    : HHH000412: Hibernate ORM core version 7.0.2.Final
2025-06-25T07:47:57.724+04:00  INFO 25804 --- [demo] [restartedMain] o.s.o.j.p.SpringPersistenceUnitInfo      : No LoadTimeWeaver setup: ignoring JPA class transformer
2025-06-25T07:47:57.752+04:00  INFO 25804 --- [demo] [restartedMain] com.zaxxer.hikari.HikariDataSource       : HikariPool-1 - Starting...
2025-06-25T07:47:58.031+04:00  INFO 25804 --- [demo] [restartedMain] com.zaxxer.hikari.pool.HikariPool        : HikariPool-1 - Added connection org.postgresql.jdbc.PgConnection@6f25dd9b
2025-06-25T07:47:58.033+04:00  INFO 25804 --- [demo] [restartedMain] com.zaxxer.hikari.HikariDataSource       : HikariPool-1 - Start completed.
2025-06-25T07:47:58.070+04:00  WARN 25804 --- [demo] [restartedMain] org.hibernate.orm.deprecation            : HHH90000025: PostgreSQLDialect does not need to be specified explicitly using 'hibernate.dialect' (remove the property setting and it will be selected by default)
2025-06-25T07:47:58.090+04:00  INFO 25804 --- [demo] [restartedMain] org.hibernate.orm.connections.pooling    : HHH10001005: Database info:
	Database JDBC URL [jdbc:postgresql://localhost:5432/techno_store]
	Database driver: PostgreSQL JDBC Driver
	Database version: 17.5
	Autocommit mode: undefined/unknown
	Isolation level: READ_COMMITTED [default READ_COMMITTED]
	Pool: DatasourceConnectionProviderImpl
	Minimum pool size: undefined/unknown
	Maximum pool size: undefined/unknown
2025-06-25T07:47:58.293+04:00  WARN 25804 --- [demo] [restartedMain] ConfigServletWebServerApplicationContext : Exception encountered during context initialization - cancelling refresh attempt: org.springframework.beans.factory.BeanCreationException: Error creating bean with name 'entityManagerFactory' defined in class path resource [org/springframework/boot/autoconfigure/orm/jpa/HibernateJpaConfiguration.class]: scale has no meaning for SQL floating point types
2025-06-25T07:47:58.295+04:00  INFO 25804 --- [demo] [restartedMain] com.zaxxer.hikari.HikariDataSource       : HikariPool-1 - Shutdown initiated...
2025-06-25T07:47:58.315+04:00  INFO 25804 --- [demo] [restartedMain] com.zaxxer.hikari.HikariDataSource       : HikariPool-1 - Shutdown completed.
2025-06-25T07:47:58.318+04:00  INFO 25804 --- [demo] [restartedMain] o.apache.catalina.core.StandardService   : Stopping service [Tomcat]
2025-06-25T07:47:58.333+04:00  INFO 25804 --- [demo] [restartedMain] .s.b.a.l.ConditionEvaluationReportLogger : 

Error starting ApplicationContext. To display the condition evaluation report re-run your application with 'debug' enabled.
2025-06-25T07:47:58.351+04:00 ERROR 25804 --- [demo] [restartedMain] o.s.boot.SpringApplication               : Application run failed

org.springframework.beans.factory.BeanCreationException: Error creating bean with name 'entityManagerFactory' defined in class path resource [org/springframework/boot/autoconfigure/orm/jpa/HibernateJpaConfiguration.class]: scale has no meaning for SQL floating point types
	at org.springframework.beans.factory.support.AbstractAutowireCapableBeanFactory.initializeBean(AbstractAutowireCapableBeanFactory.java:1813) ~[spring-beans-7.0.0-20250624.203952-658.jar:7.0.0-SNAPSHOT]
	at org.springframework.beans.factory.support.AbstractAutowireCapableBeanFactory.doCreateBean(AbstractAutowireCapableBeanFactory.java:604) ~[spring-beans-7.0.0-20250624.203952-658.jar:7.0.0-SNAPSHOT]
	at org.springframework.beans.factory.support.AbstractAutowireCapableBeanFactory.createBean(AbstractAutowireCapableBeanFactory.java:526) ~[spring-beans-7.0.0-20250624.203952-658.jar:7.0.0-SNAPSHOT]
	at org.springframework.beans.factory.support.AbstractBeanFactory.lambda$doGetBean$0(AbstractBeanFactory.java:333) ~[spring-beans-7.0.0-20250624.203952-658.jar:7.0.0-SNAPSHOT]
	at org.springframework.beans.factory.support.DefaultSingletonBeanRegistry.getSingleton(DefaultSingletonBeanRegistry.java:371) ~[spring-beans-7.0.0-20250624.203952-658.jar:7.0.0-SNAPSHOT]
	at org.springframework.beans.factory.support.AbstractBeanFactory.doGetBean(AbstractBeanFactory.java:331) ~[spring-beans-7.0.0-20250624.203952-658.jar:7.0.0-SNAPSHOT]
	at org.springframework.beans.factory.support.AbstractBeanFactory.getBean(AbstractBeanFactory.java:201) ~[spring-beans-7.0.0-20250624.203952-658.jar:7.0.0-SNAPSHOT]
	at org.springframework.context.support.AbstractApplicationContext.finishBeanFactoryInitialization(AbstractApplicationContext.java:960) ~[spring-context-7.0.0-20250624.203952-658.jar:7.0.0-SNAPSHOT]
	at org.springframework.context.support.AbstractApplicationContext.refresh(AbstractApplicationContext.java:617) ~[spring-context-7.0.0-20250624.203952-658.jar:7.0.0-SNAPSHOT]
	at org.springframework.boot.web.servlet.context.ServletWebServerApplicationContext.refresh(ServletWebServerApplicationContext.java:146) ~[spring-boot-4.0.0-20250624.221003-251.jar:4.0.0-SNAPSHOT]
	at org.springframework.boot.SpringApplication.refresh(SpringApplication.java:752) ~[spring-boot-4.0.0-20250624.221003-251.jar:4.0.0-SNAPSHOT]
	at org.springframework.boot.SpringApplication.refreshContext(SpringApplication.java:439) ~[spring-boot-4.0.0-20250624.221003-251.jar:4.0.0-SNAPSHOT]
	at org.springframework.boot.SpringApplication.run(SpringApplication.java:318) ~[spring-boot-4.0.0-20250624.221003-251.jar:4.0.0-SNAPSHOT]
	at org.springframework.boot.SpringApplication.run(SpringApplication.java:1361) ~[spring-boot-4.0.0-20250624.221003-251.jar:4.0.0-SNAPSHOT]
	at org.springframework.boot.SpringApplication.run(SpringApplication.java:1350) ~[spring-boot-4.0.0-20250624.221003-251.jar:4.0.0-SNAPSHOT]
	at com.example.demo.OnlineStoreApplication.main(OnlineStoreApplication.java:10) ~[classes/:na]
	at java.base/jdk.internal.reflect.DirectMethodHandleAccessor.invoke(DirectMethodHandleAccessor.java:104) ~[na:na]
	at java.base/java.lang.reflect.Method.invoke(Method.java:565) ~[na:na]
	at org.springframework.boot.devtools.restart.RestartLauncher.run(RestartLauncher.java:50) ~[spring-boot-devtools-4.0.0-20250624.221003-251.jar:4.0.0-SNAPSHOT]
Caused by: java.lang.IllegalArgumentException: scale has no meaning for SQL floating point types
	at org.hibernate.dialect.Dialect$SizeStrategyImpl.resolveSize(Dialect.java:5549) ~[hibernate-core-7.0.2.Final.jar:7.0.2.Final]
	at org.hibernate.mapping.Column.calculateColumnSize(Column.java:473) ~[hibernate-core-7.0.2.Final.jar:7.0.2.Final]
	at org.hibernate.mapping.BasicValue.resolve(BasicValue.java:349) ~[hibernate-core-7.0.2.Final.jar:7.0.2.Final]
	at org.hibernate.mapping.BasicValue.resolve(BasicValue.java:331) ~[hibernate-core-7.0.2.Final.jar:7.0.2.Final]
	at org.hibernate.boot.internal.InFlightMetadataCollectorImpl.lambda$processValueResolvers$8(InFlightMetadataCollectorImpl.java:1799) ~[hibernate-core-7.0.2.Final.jar:7.0.2.Final]
	at java.base/java.util.ArrayList.removeIf(ArrayList.java:1773) ~[na:na]
	at java.base/java.util.ArrayList.removeIf(ArrayList.java:1751) ~[na:na]
	at org.hibernate.boot.internal.InFlightMetadataCollectorImpl.processValueResolvers(InFlightMetadataCollectorImpl.java:1798) ~[hibernate-core-7.0.2.Final.jar:7.0.2.Final]
	at org.hibernate.boot.internal.InFlightMetadataCollectorImpl.processSecondPasses(InFlightMetadataCollectorImpl.java:1788) ~[hibernate-core-7.0.2.Final.jar:7.0.2.Final]
	at org.hibernate.boot.model.process.spi.MetadataBuildingProcess.coordinateProcessors(MetadataBuildingProcess.java:346) ~[hibernate-core-7.0.2.Final.jar:7.0.2.Final]
	at org.hibernate.boot.model.process.spi.MetadataBuildingProcess.complete(MetadataBuildingProcess.java:215) ~[hibernate-core-7.0.2.Final.jar:7.0.2.Final]
	at org.hibernate.jpa.boot.internal.EntityManagerFactoryBuilderImpl.metadata(EntityManagerFactoryBuilderImpl.java:1412) ~[hibernate-core-7.0.2.Final.jar:7.0.2.Final]
	at org.hibernate.jpa.boot.internal.EntityManagerFactoryBuilderImpl.populateSessionFactoryBuilder(EntityManagerFactoryBuilderImpl.java:1493) ~[hibernate-core-7.0.2.Final.jar:7.0.2.Final]
	at org.hibernate.jpa.boot.internal.EntityManagerFactoryBuilderImpl.build(EntityManagerFactoryBuilderImpl.java:1475) ~[hibernate-core-7.0.2.Final.jar:7.0.2.Final]
	at org.springframework.orm.jpa.vendor.SpringHibernateJpaPersistenceProvider.createContainerEntityManagerFactory(SpringHibernateJpaPersistenceProvider.java:66) ~[spring-orm-7.0.0-20250624.203952-658.jar:7.0.0-SNAPSHOT]
	at org.springframework.orm.jpa.LocalContainerEntityManagerFactoryBean.createNativeEntityManagerFactory(LocalContainerEntityManagerFactoryBean.java:416) ~[spring-orm-7.0.0-20250624.203952-658.jar:7.0.0-SNAPSHOT]
	at org.springframework.orm.jpa.AbstractEntityManagerFactoryBean.buildNativeEntityManagerFactory(AbstractEntityManagerFactoryBean.java:414) ~[spring-orm-7.0.0-20250624.203952-658.jar:7.0.0-SNAPSHOT]
	at org.springframework.orm.jpa.AbstractEntityManagerFactoryBean.afterPropertiesSet(AbstractEntityManagerFactoryBean.java:394) ~[spring-orm-7.0.0-20250624.203952-658.jar:7.0.0-SNAPSHOT]
	at org.springframework.orm.jpa.LocalContainerEntityManagerFactoryBean.afterPropertiesSet(LocalContainerEntityManagerFactoryBean.java:392) ~[spring-orm-7.0.0-20250624.203952-658.jar:7.0.0-SNAPSHOT]
	at org.springframework.beans.factory.support.AbstractAutowireCapableBeanFactory.invokeInitMethods(AbstractAutowireCapableBeanFactory.java:1860) ~[spring-beans-7.0.0-20250624.203952-658.jar:7.0.0-SNAPSHOT]
	at org.springframework.beans.factory.support.AbstractAutowireCapableBeanFactory.initializeBean(AbstractAutowireCapableBeanFactory.java:1809) ~[spring-beans-7.0.0-20250624.203952-658.jar:7.0.0-SNAPSHOT]
	... 18 common frames omitted

2025-06-25T07:51:17.953+04:00  INFO 24492 --- [demo] [restartedMain] c.example.demo.OnlineStoreApplication    : Starting OnlineStoreApplication using Java 24.0.1 with PID 24492 (C:\Users\Irina\Desktop\project27\target\classes started by Irina in C:\Users\Irina\Desktop\project27)
2025-06-25T07:51:17.956+04:00  INFO 24492 --- [demo] [restartedMain] c.example.demo.OnlineStoreApplication    : No active profile set, falling back to 1 default profile: "default"
2025-06-25T07:51:18.007+04:00  INFO 24492 --- [demo] [restartedMain] .e.DevToolsPropertyDefaultsPostProcessor : Devtools property defaults active! Set 'spring.devtools.add-properties' to 'false' to disable
2025-06-25T07:51:18.007+04:00  INFO 24492 --- [demo] [restartedMain] .e.DevToolsPropertyDefaultsPostProcessor : For additional web related logging consider setting the 'logging.level.web' property to 'DEBUG'
2025-06-25T07:51:18.705+04:00  INFO 24492 --- [demo] [restartedMain] .s.d.r.c.RepositoryConfigurationDelegate : Bootstrapping Spring Data JPA repositories in DEFAULT mode.
2025-06-25T07:51:18.793+04:00  INFO 24492 --- [demo] [restartedMain] .s.d.r.c.RepositoryConfigurationDelegate : Finished Spring Data repository scanning in 79 ms. Found 5 JPA repository interfaces.
2025-06-25T07:51:19.254+04:00  INFO 24492 --- [demo] [restartedMain] o.s.b.w.embedded.tomcat.TomcatWebServer  : Tomcat initialized with port 8080 (http)
2025-06-25T07:51:19.270+04:00  INFO 24492 --- [demo] [restartedMain] o.apache.catalina.core.StandardService   : Starting service [Tomcat]
2025-06-25T07:51:19.270+04:00  INFO 24492 --- [demo] [restartedMain] o.apache.catalina.core.StandardEngine    : Starting Servlet engine: [Apache Tomcat/11.0.8]
2025-06-25T07:51:19.316+04:00  INFO 24492 --- [demo] [restartedMain] o.a.c.c.C.[Tomcat].[localhost].[/]       : Initializing Spring embedded WebApplicationContext
2025-06-25T07:51:19.317+04:00  INFO 24492 --- [demo] [restartedMain] w.s.c.ServletWebServerApplicationContext : Root WebApplicationContext: initialization completed in 1309 ms
2025-06-25T07:51:19.465+04:00  INFO 24492 --- [demo] [restartedMain] o.hibernate.jpa.internal.util.LogHelper  : HHH000204: Processing PersistenceUnitInfo [name: default]
2025-06-25T07:51:19.519+04:00  INFO 24492 --- [demo] [restartedMain] org.hibernate.Version                    : HHH000412: Hibernate ORM core version 7.0.2.Final
2025-06-25T07:51:19.964+04:00  INFO 24492 --- [demo] [restartedMain] o.s.o.j.p.SpringPersistenceUnitInfo      : No LoadTimeWeaver setup: ignoring JPA class transformer
2025-06-25T07:51:19.993+04:00  INFO 24492 --- [demo] [restartedMain] com.zaxxer.hikari.HikariDataSource       : HikariPool-1 - Starting...
2025-06-25T07:51:20.151+04:00  INFO 24492 --- [demo] [restartedMain] com.zaxxer.hikari.pool.HikariPool        : HikariPool-1 - Added connection org.postgresql.jdbc.PgConnection@320ef985
2025-06-25T07:51:20.152+04:00  INFO 24492 --- [demo] [restartedMain] com.zaxxer.hikari.HikariDataSource       : HikariPool-1 - Start completed.
2025-06-25T07:51:20.187+04:00  WARN 24492 --- [demo] [restartedMain] org.hibernate.orm.deprecation            : HHH90000025: PostgreSQLDialect does not need to be specified explicitly using 'hibernate.dialect' (remove the property setting and it will be selected by default)
2025-06-25T07:51:20.211+04:00  INFO 24492 --- [demo] [restartedMain] org.hibernate.orm.connections.pooling    : HHH10001005: Database info:
	Database JDBC URL [jdbc:postgresql://localhost:5432/techno_store]
	Database driver: PostgreSQL JDBC Driver
	Database version: 17.5
	Autocommit mode: undefined/unknown
	Isolation level: READ_COMMITTED [default READ_COMMITTED]
	Pool: DatasourceConnectionProviderImpl
	Minimum pool size: undefined/unknown
	Maximum pool size: undefined/unknown
2025-06-25T07:51:20.403+04:00  WARN 24492 --- [demo] [restartedMain] ConfigServletWebServerApplicationContext : Exception encountered during context initialization - cancelling refresh attempt: org.springframework.beans.factory.BeanCreationException: Error creating bean with name 'entityManagerFactory' defined in class path resource [org/springframework/boot/autoconfigure/orm/jpa/HibernateJpaConfiguration.class]: scale has no meaning for SQL floating point types
2025-06-25T07:51:20.405+04:00  INFO 24492 --- [demo] [restartedMain] com.zaxxer.hikari.HikariDataSource       : HikariPool-1 - Shutdown initiated...
2025-06-25T07:51:20.429+04:00  INFO 24492 --- [demo] [restartedMain] com.zaxxer.hikari.HikariDataSource       : HikariPool-1 - Shutdown completed.
2025-06-25T07:51:20.432+04:00  INFO 24492 --- [demo] [restartedMain] o.apache.catalina.core.StandardService   : Stopping service [Tomcat]
2025-06-25T07:51:20.444+04:00  INFO 24492 --- [demo] [restartedMain] .s.b.a.l.ConditionEvaluationReportLogger : 

Error starting ApplicationContext. To display the condition evaluation report re-run your application with 'debug' enabled.
2025-06-25T07:51:20.465+04:00 ERROR 24492 --- [demo] [restartedMain] o.s.boot.SpringApplication               : Application run failed

org.springframework.beans.factory.BeanCreationException: Error creating bean with name 'entityManagerFactory' defined in class path resource [org/springframework/boot/autoconfigure/orm/jpa/HibernateJpaConfiguration.class]: scale has no meaning for SQL floating point types
	at org.springframework.beans.factory.support.AbstractAutowireCapableBeanFactory.initializeBean(AbstractAutowireCapableBeanFactory.java:1813) ~[spring-beans-7.0.0-20250624.203952-658.jar:7.0.0-SNAPSHOT]
	at org.springframework.beans.factory.support.AbstractAutowireCapableBeanFactory.doCreateBean(AbstractAutowireCapableBeanFactory.java:604) ~[spring-beans-7.0.0-20250624.203952-658.jar:7.0.0-SNAPSHOT]
	at org.springframework.beans.factory.support.AbstractAutowireCapableBeanFactory.createBean(AbstractAutowireCapableBeanFactory.java:526) ~[spring-beans-7.0.0-20250624.203952-658.jar:7.0.0-SNAPSHOT]
	at org.springframework.beans.factory.support.AbstractBeanFactory.lambda$doGetBean$0(AbstractBeanFactory.java:333) ~[spring-beans-7.0.0-20250624.203952-658.jar:7.0.0-SNAPSHOT]
	at org.springframework.beans.factory.support.DefaultSingletonBeanRegistry.getSingleton(DefaultSingletonBeanRegistry.java:371) ~[spring-beans-7.0.0-20250624.203952-658.jar:7.0.0-SNAPSHOT]
	at org.springframework.beans.factory.support.AbstractBeanFactory.doGetBean(AbstractBeanFactory.java:331) ~[spring-beans-7.0.0-20250624.203952-658.jar:7.0.0-SNAPSHOT]
	at org.springframework.beans.factory.support.AbstractBeanFactory.getBean(AbstractBeanFactory.java:201) ~[spring-beans-7.0.0-20250624.203952-658.jar:7.0.0-SNAPSHOT]
	at org.springframework.context.support.AbstractApplicationContext.finishBeanFactoryInitialization(AbstractApplicationContext.java:960) ~[spring-context-7.0.0-20250624.203952-658.jar:7.0.0-SNAPSHOT]
	at org.springframework.context.support.AbstractApplicationContext.refresh(AbstractApplicationContext.java:617) ~[spring-context-7.0.0-20250624.203952-658.jar:7.0.0-SNAPSHOT]
	at org.springframework.boot.web.servlet.context.ServletWebServerApplicationContext.refresh(ServletWebServerApplicationContext.java:146) ~[spring-boot-4.0.0-20250624.221003-251.jar:4.0.0-SNAPSHOT]
	at org.springframework.boot.SpringApplication.refresh(SpringApplication.java:752) ~[spring-boot-4.0.0-20250624.221003-251.jar:4.0.0-SNAPSHOT]
	at org.springframework.boot.SpringApplication.refreshContext(SpringApplication.java:439) ~[spring-boot-4.0.0-20250624.221003-251.jar:4.0.0-SNAPSHOT]
	at org.springframework.boot.SpringApplication.run(SpringApplication.java:318) ~[spring-boot-4.0.0-20250624.221003-251.jar:4.0.0-SNAPSHOT]
	at org.springframework.boot.SpringApplication.run(SpringApplication.java:1361) ~[spring-boot-4.0.0-20250624.221003-251.jar:4.0.0-SNAPSHOT]
	at org.springframework.boot.SpringApplication.run(SpringApplication.java:1350) ~[spring-boot-4.0.0-20250624.221003-251.jar:4.0.0-SNAPSHOT]
	at com.example.demo.OnlineStoreApplication.main(OnlineStoreApplication.java:10) ~[classes/:na]
	at java.base/jdk.internal.reflect.DirectMethodHandleAccessor.invoke(DirectMethodHandleAccessor.java:104) ~[na:na]
	at java.base/java.lang.reflect.Method.invoke(Method.java:565) ~[na:na]
	at org.springframework.boot.devtools.restart.RestartLauncher.run(RestartLauncher.java:50) ~[spring-boot-devtools-4.0.0-20250624.221003-251.jar:4.0.0-SNAPSHOT]
Caused by: java.lang.IllegalArgumentException: scale has no meaning for SQL floating point types
	at org.hibernate.dialect.Dialect$SizeStrategyImpl.resolveSize(Dialect.java:5549) ~[hibernate-core-7.0.2.Final.jar:7.0.2.Final]
	at org.hibernate.mapping.Column.calculateColumnSize(Column.java:473) ~[hibernate-core-7.0.2.Final.jar:7.0.2.Final]
	at org.hibernate.mapping.BasicValue.resolve(BasicValue.java:349) ~[hibernate-core-7.0.2.Final.jar:7.0.2.Final]
	at org.hibernate.mapping.BasicValue.resolve(BasicValue.java:331) ~[hibernate-core-7.0.2.Final.jar:7.0.2.Final]
	at org.hibernate.boot.internal.InFlightMetadataCollectorImpl.lambda$processValueResolvers$8(InFlightMetadataCollectorImpl.java:1799) ~[hibernate-core-7.0.2.Final.jar:7.0.2.Final]
	at java.base/java.util.ArrayList.removeIf(ArrayList.java:1773) ~[na:na]
	at java.base/java.util.ArrayList.removeIf(ArrayList.java:1751) ~[na:na]
	at org.hibernate.boot.internal.InFlightMetadataCollectorImpl.processValueResolvers(InFlightMetadataCollectorImpl.java:1798) ~[hibernate-core-7.0.2.Final.jar:7.0.2.Final]
	at org.hibernate.boot.internal.InFlightMetadataCollectorImpl.processSecondPasses(InFlightMetadataCollectorImpl.java:1788) ~[hibernate-core-7.0.2.Final.jar:7.0.2.Final]
	at org.hibernate.boot.model.process.spi.MetadataBuildingProcess.coordinateProcessors(MetadataBuildingProcess.java:346) ~[hibernate-core-7.0.2.Final.jar:7.0.2.Final]
	at org.hibernate.boot.model.process.spi.MetadataBuildingProcess.complete(MetadataBuildingProcess.java:215) ~[hibernate-core-7.0.2.Final.jar:7.0.2.Final]
	at org.hibernate.jpa.boot.internal.EntityManagerFactoryBuilderImpl.metadata(EntityManagerFactoryBuilderImpl.java:1412) ~[hibernate-core-7.0.2.Final.jar:7.0.2.Final]
	at org.hibernate.jpa.boot.internal.EntityManagerFactoryBuilderImpl.populateSessionFactoryBuilder(EntityManagerFactoryBuilderImpl.java:1493) ~[hibernate-core-7.0.2.Final.jar:7.0.2.Final]
	at org.hibernate.jpa.boot.internal.EntityManagerFactoryBuilderImpl.build(EntityManagerFactoryBuilderImpl.java:1475) ~[hibernate-core-7.0.2.Final.jar:7.0.2.Final]
	at org.springframework.orm.jpa.vendor.SpringHibernateJpaPersistenceProvider.createContainerEntityManagerFactory(SpringHibernateJpaPersistenceProvider.java:66) ~[spring-orm-7.0.0-20250624.203952-658.jar:7.0.0-SNAPSHOT]
	at org.springframework.orm.jpa.LocalContainerEntityManagerFactoryBean.createNativeEntityManagerFactory(LocalContainerEntityManagerFactoryBean.java:416) ~[spring-orm-7.0.0-20250624.203952-658.jar:7.0.0-SNAPSHOT]
	at org.springframework.orm.jpa.AbstractEntityManagerFactoryBean.buildNativeEntityManagerFactory(AbstractEntityManagerFactoryBean.java:414) ~[spring-orm-7.0.0-20250624.203952-658.jar:7.0.0-SNAPSHOT]
	at org.springframework.orm.jpa.AbstractEntityManagerFactoryBean.afterPropertiesSet(AbstractEntityManagerFactoryBean.java:394) ~[spring-orm-7.0.0-20250624.203952-658.jar:7.0.0-SNAPSHOT]
	at org.springframework.orm.jpa.LocalContainerEntityManagerFactoryBean.afterPropertiesSet(LocalContainerEntityManagerFactoryBean.java:392) ~[spring-orm-7.0.0-20250624.203952-658.jar:7.0.0-SNAPSHOT]
	at org.springframework.beans.factory.support.AbstractAutowireCapableBeanFactory.invokeInitMethods(AbstractAutowireCapableBeanFactory.java:1860) ~[spring-beans-7.0.0-20250624.203952-658.jar:7.0.0-SNAPSHOT]
	at org.springframework.beans.factory.support.AbstractAutowireCapableBeanFactory.initializeBean(AbstractAutowireCapableBeanFactory.java:1809) ~[spring-beans-7.0.0-20250624.203952-658.jar:7.0.0-SNAPSHOT]
	... 18 common frames omitted

2025-06-25T08:49:43.056+04:00  INFO 23856 --- [demo] [restartedMain] c.example.demo.OnlineStoreApplication    : Starting OnlineStoreApplication using Java 24.0.1 with PID 23856 (C:\Users\Irina\Desktop\project27\target\classes started by Irina in C:\Users\Irina\Desktop\project27)
2025-06-25T08:49:43.059+04:00  INFO 23856 --- [demo] [restartedMain] c.example.demo.OnlineStoreApplication    : No active profile set, falling back to 1 default profile: "default"
2025-06-25T08:49:43.103+04:00  INFO 23856 --- [demo] [restartedMain] .e.DevToolsPropertyDefaultsPostProcessor : Devtools property defaults active! Set 'spring.devtools.add-properties' to 'false' to disable
2025-06-25T08:49:43.103+04:00  INFO 23856 --- [demo] [restartedMain] .e.DevToolsPropertyDefaultsPostProcessor : For additional web related logging consider setting the 'logging.level.web' property to 'DEBUG'
2025-06-25T08:49:43.794+04:00  INFO 23856 --- [demo] [restartedMain] .s.d.r.c.RepositoryConfigurationDelegate : Bootstrapping Spring Data JPA repositories in DEFAULT mode.
2025-06-25T08:49:43.888+04:00  INFO 23856 --- [demo] [restartedMain] .s.d.r.c.RepositoryConfigurationDelegate : Finished Spring Data repository scanning in 84 ms. Found 5 JPA repository interfaces.
2025-06-25T08:49:44.332+04:00  INFO 23856 --- [demo] [restartedMain] o.s.b.w.embedded.tomcat.TomcatWebServer  : Tomcat initialized with port 8080 (http)
2025-06-25T08:49:44.345+04:00  INFO 23856 --- [demo] [restartedMain] o.apache.catalina.core.StandardService   : Starting service [Tomcat]
2025-06-25T08:49:44.345+04:00  INFO 23856 --- [demo] [restartedMain] o.apache.catalina.core.StandardEngine    : Starting Servlet engine: [Apache Tomcat/11.0.8]
2025-06-25T08:49:44.385+04:00  INFO 23856 --- [demo] [restartedMain] o.a.c.c.C.[Tomcat].[localhost].[/]       : Initializing Spring embedded WebApplicationContext
2025-06-25T08:49:44.386+04:00  INFO 23856 --- [demo] [restartedMain] w.s.c.ServletWebServerApplicationContext : Root WebApplicationContext: initialization completed in 1283 ms
2025-06-25T08:49:44.517+04:00  INFO 23856 --- [demo] [restartedMain] o.hibernate.jpa.internal.util.LogHelper  : HHH000204: Processing PersistenceUnitInfo [name: default]
2025-06-25T08:49:44.573+04:00  INFO 23856 --- [demo] [restartedMain] org.hibernate.Version                    : HHH000412: Hibernate ORM core version 7.0.2.Final
2025-06-25T08:49:45.007+04:00  INFO 23856 --- [demo] [restartedMain] o.s.o.j.p.SpringPersistenceUnitInfo      : No LoadTimeWeaver setup: ignoring JPA class transformer
2025-06-25T08:49:45.034+04:00  INFO 23856 --- [demo] [restartedMain] com.zaxxer.hikari.HikariDataSource       : HikariPool-1 - Starting...
2025-06-25T08:49:45.181+04:00  INFO 23856 --- [demo] [restartedMain] com.zaxxer.hikari.pool.HikariPool        : HikariPool-1 - Added connection org.postgresql.jdbc.PgConnection@7ae8b962
2025-06-25T08:49:45.182+04:00  INFO 23856 --- [demo] [restartedMain] com.zaxxer.hikari.HikariDataSource       : HikariPool-1 - Start completed.
2025-06-25T08:49:45.212+04:00  WARN 23856 --- [demo] [restartedMain] org.hibernate.orm.deprecation            : HHH90000025: PostgreSQLDialect does not need to be specified explicitly using 'hibernate.dialect' (remove the property setting and it will be selected by default)
2025-06-25T08:49:45.236+04:00  INFO 23856 --- [demo] [restartedMain] org.hibernate.orm.connections.pooling    : HHH10001005: Database info:
	Database JDBC URL [jdbc:postgresql://localhost:5432/techno_store]
	Database driver: PostgreSQL JDBC Driver
	Database version: 17.5
	Autocommit mode: undefined/unknown
	Isolation level: READ_COMMITTED [default READ_COMMITTED]
	Pool: DatasourceConnectionProviderImpl
	Minimum pool size: undefined/unknown
	Maximum pool size: undefined/unknown
2025-06-25T08:49:45.424+04:00  WARN 23856 --- [demo] [restartedMain] ConfigServletWebServerApplicationContext : Exception encountered during context initialization - cancelling refresh attempt: org.springframework.beans.factory.BeanCreationException: Error creating bean with name 'entityManagerFactory' defined in class path resource [org/springframework/boot/autoconfigure/orm/jpa/HibernateJpaConfiguration.class]: scale has no meaning for SQL floating point types
2025-06-25T08:49:45.426+04:00  INFO 23856 --- [demo] [restartedMain] com.zaxxer.hikari.HikariDataSource       : HikariPool-1 - Shutdown initiated...
2025-06-25T08:49:45.484+04:00  INFO 23856 --- [demo] [restartedMain] com.zaxxer.hikari.HikariDataSource       : HikariPool-1 - Shutdown completed.
2025-06-25T08:49:45.487+04:00  INFO 23856 --- [demo] [restartedMain] o.apache.catalina.core.StandardService   : Stopping service [Tomcat]
2025-06-25T08:49:45.497+04:00  INFO 23856 --- [demo] [restartedMain] .s.b.a.l.ConditionEvaluationReportLogger : 

Error starting ApplicationContext. To display the condition evaluation report re-run your application with 'debug' enabled.
2025-06-25T08:49:45.515+04:00 ERROR 23856 --- [demo] [restartedMain] o.s.boot.SpringApplication               : Application run failed

org.springframework.beans.factory.BeanCreationException: Error creating bean with name 'entityManagerFactory' defined in class path resource [org/springframework/boot/autoconfigure/orm/jpa/HibernateJpaConfiguration.class]: scale has no meaning for SQL floating point types
	at org.springframework.beans.factory.support.AbstractAutowireCapableBeanFactory.initializeBean(AbstractAutowireCapableBeanFactory.java:1813) ~[spring-beans-7.0.0-20250624.203952-658.jar:7.0.0-SNAPSHOT]
	at org.springframework.beans.factory.support.AbstractAutowireCapableBeanFactory.doCreateBean(AbstractAutowireCapableBeanFactory.java:604) ~[spring-beans-7.0.0-20250624.203952-658.jar:7.0.0-SNAPSHOT]
	at org.springframework.beans.factory.support.AbstractAutowireCapableBeanFactory.createBean(AbstractAutowireCapableBeanFactory.java:526) ~[spring-beans-7.0.0-20250624.203952-658.jar:7.0.0-SNAPSHOT]
	at org.springframework.beans.factory.support.AbstractBeanFactory.lambda$doGetBean$0(AbstractBeanFactory.java:333) ~[spring-beans-7.0.0-20250624.203952-658.jar:7.0.0-SNAPSHOT]
	at org.springframework.beans.factory.support.DefaultSingletonBeanRegistry.getSingleton(DefaultSingletonBeanRegistry.java:371) ~[spring-beans-7.0.0-20250624.203952-658.jar:7.0.0-SNAPSHOT]
	at org.springframework.beans.factory.support.AbstractBeanFactory.doGetBean(AbstractBeanFactory.java:331) ~[spring-beans-7.0.0-20250624.203952-658.jar:7.0.0-SNAPSHOT]
	at org.springframework.beans.factory.support.AbstractBeanFactory.getBean(AbstractBeanFactory.java:201) ~[spring-beans-7.0.0-20250624.203952-658.jar:7.0.0-SNAPSHOT]
	at org.springframework.context.support.AbstractApplicationContext.finishBeanFactoryInitialization(AbstractApplicationContext.java:960) ~[spring-context-7.0.0-20250624.203952-658.jar:7.0.0-SNAPSHOT]
	at org.springframework.context.support.AbstractApplicationContext.refresh(AbstractApplicationContext.java:617) ~[spring-context-7.0.0-20250624.203952-658.jar:7.0.0-SNAPSHOT]
	at org.springframework.boot.web.servlet.context.ServletWebServerApplicationContext.refresh(ServletWebServerApplicationContext.java:146) ~[spring-boot-4.0.0-20250624.221003-251.jar:4.0.0-SNAPSHOT]
	at org.springframework.boot.SpringApplication.refresh(SpringApplication.java:752) ~[spring-boot-4.0.0-20250624.221003-251.jar:4.0.0-SNAPSHOT]
	at org.springframework.boot.SpringApplication.refreshContext(SpringApplication.java:439) ~[spring-boot-4.0.0-20250624.221003-251.jar:4.0.0-SNAPSHOT]
	at org.springframework.boot.SpringApplication.run(SpringApplication.java:318) ~[spring-boot-4.0.0-20250624.221003-251.jar:4.0.0-SNAPSHOT]
	at org.springframework.boot.SpringApplication.run(SpringApplication.java:1361) ~[spring-boot-4.0.0-20250624.221003-251.jar:4.0.0-SNAPSHOT]
	at org.springframework.boot.SpringApplication.run(SpringApplication.java:1350) ~[spring-boot-4.0.0-20250624.221003-251.jar:4.0.0-SNAPSHOT]
	at com.example.demo.OnlineStoreApplication.main(OnlineStoreApplication.java:10) ~[classes/:na]
	at java.base/jdk.internal.reflect.DirectMethodHandleAccessor.invoke(DirectMethodHandleAccessor.java:104) ~[na:na]
	at java.base/java.lang.reflect.Method.invoke(Method.java:565) ~[na:na]
	at org.springframework.boot.devtools.restart.RestartLauncher.run(RestartLauncher.java:50) ~[spring-boot-devtools-4.0.0-20250624.221003-251.jar:4.0.0-SNAPSHOT]
Caused by: java.lang.IllegalArgumentException: scale has no meaning for SQL floating point types
	at org.hibernate.dialect.Dialect$SizeStrategyImpl.resolveSize(Dialect.java:5549) ~[hibernate-core-7.0.2.Final.jar:7.0.2.Final]
	at org.hibernate.mapping.Column.calculateColumnSize(Column.java:473) ~[hibernate-core-7.0.2.Final.jar:7.0.2.Final]
	at org.hibernate.mapping.BasicValue.resolve(BasicValue.java:349) ~[hibernate-core-7.0.2.Final.jar:7.0.2.Final]
	at org.hibernate.mapping.BasicValue.resolve(BasicValue.java:331) ~[hibernate-core-7.0.2.Final.jar:7.0.2.Final]
	at org.hibernate.boot.internal.InFlightMetadataCollectorImpl.lambda$processValueResolvers$8(InFlightMetadataCollectorImpl.java:1799) ~[hibernate-core-7.0.2.Final.jar:7.0.2.Final]
	at java.base/java.util.ArrayList.removeIf(ArrayList.java:1773) ~[na:na]
	at java.base/java.util.ArrayList.removeIf(ArrayList.java:1751) ~[na:na]
	at org.hibernate.boot.internal.InFlightMetadataCollectorImpl.processValueResolvers(InFlightMetadataCollectorImpl.java:1798) ~[hibernate-core-7.0.2.Final.jar:7.0.2.Final]
	at org.hibernate.boot.internal.InFlightMetadataCollectorImpl.processSecondPasses(InFlightMetadataCollectorImpl.java:1788) ~[hibernate-core-7.0.2.Final.jar:7.0.2.Final]
	at org.hibernate.boot.model.process.spi.MetadataBuildingProcess.coordinateProcessors(MetadataBuildingProcess.java:346) ~[hibernate-core-7.0.2.Final.jar:7.0.2.Final]
	at org.hibernate.boot.model.process.spi.MetadataBuildingProcess.complete(MetadataBuildingProcess.java:215) ~[hibernate-core-7.0.2.Final.jar:7.0.2.Final]
	at org.hibernate.jpa.boot.internal.EntityManagerFactoryBuilderImpl.metadata(EntityManagerFactoryBuilderImpl.java:1412) ~[hibernate-core-7.0.2.Final.jar:7.0.2.Final]
	at org.hibernate.jpa.boot.internal.EntityManagerFactoryBuilderImpl.populateSessionFactoryBuilder(EntityManagerFactoryBuilderImpl.java:1493) ~[hibernate-core-7.0.2.Final.jar:7.0.2.Final]
	at org.hibernate.jpa.boot.internal.EntityManagerFactoryBuilderImpl.build(EntityManagerFactoryBuilderImpl.java:1475) ~[hibernate-core-7.0.2.Final.jar:7.0.2.Final]
	at org.springframework.orm.jpa.vendor.SpringHibernateJpaPersistenceProvider.createContainerEntityManagerFactory(SpringHibernateJpaPersistenceProvider.java:66) ~[spring-orm-7.0.0-20250624.203952-658.jar:7.0.0-SNAPSHOT]
	at org.springframework.orm.jpa.LocalContainerEntityManagerFactoryBean.createNativeEntityManagerFactory(LocalContainerEntityManagerFactoryBean.java:416) ~[spring-orm-7.0.0-20250624.203952-658.jar:7.0.0-SNAPSHOT]
	at org.springframework.orm.jpa.AbstractEntityManagerFactoryBean.buildNativeEntityManagerFactory(AbstractEntityManagerFactoryBean.java:414) ~[spring-orm-7.0.0-20250624.203952-658.jar:7.0.0-SNAPSHOT]
	at org.springframework.orm.jpa.AbstractEntityManagerFactoryBean.afterPropertiesSet(AbstractEntityManagerFactoryBean.java:394) ~[spring-orm-7.0.0-20250624.203952-658.jar:7.0.0-SNAPSHOT]
	at org.springframework.orm.jpa.LocalContainerEntityManagerFactoryBean.afterPropertiesSet(LocalContainerEntityManagerFactoryBean.java:392) ~[spring-orm-7.0.0-20250624.203952-658.jar:7.0.0-SNAPSHOT]
	at org.springframework.beans.factory.support.AbstractAutowireCapableBeanFactory.invokeInitMethods(AbstractAutowireCapableBeanFactory.java:1860) ~[spring-beans-7.0.0-20250624.203952-658.jar:7.0.0-SNAPSHOT]
	at org.springframework.beans.factory.support.AbstractAutowireCapableBeanFactory.initializeBean(AbstractAutowireCapableBeanFactory.java:1809) ~[spring-beans-7.0.0-20250624.203952-658.jar:7.0.0-SNAPSHOT]
	... 18 common frames omitted

2025-06-25T08:54:53.442+04:00  INFO 21632 --- [demo] [restartedMain] c.example.demo.OnlineStoreApplication    : Starting OnlineStoreApplication using Java 24.0.1 with PID 21632 (C:\Users\Irina\Desktop\project27\target\classes started by Irina in C:\Users\Irina\Desktop\project27)
2025-06-25T08:54:53.445+04:00  INFO 21632 --- [demo] [restartedMain] c.example.demo.OnlineStoreApplication    : No active profile set, falling back to 1 default profile: "default"
2025-06-25T08:54:53.493+04:00  INFO 21632 --- [demo] [restartedMain] .e.DevToolsPropertyDefaultsPostProcessor : Devtools property defaults active! Set 'spring.devtools.add-properties' to 'false' to disable
2025-06-25T08:54:53.494+04:00  INFO 21632 --- [demo] [restartedMain] .e.DevToolsPropertyDefaultsPostProcessor : For additional web related logging consider setting the 'logging.level.web' property to 'DEBUG'
2025-06-25T08:54:54.208+04:00  INFO 21632 --- [demo] [restartedMain] .s.d.r.c.RepositoryConfigurationDelegate : Bootstrapping Spring Data JPA repositories in DEFAULT mode.
2025-06-25T08:54:54.306+04:00  INFO 21632 --- [demo] [restartedMain] .s.d.r.c.RepositoryConfigurationDelegate : Finished Spring Data repository scanning in 89 ms. Found 5 JPA repository interfaces.
2025-06-25T08:54:54.771+04:00  INFO 21632 --- [demo] [restartedMain] o.s.b.w.embedded.tomcat.TomcatWebServer  : Tomcat initialized with port 8080 (http)
2025-06-25T08:54:54.783+04:00  INFO 21632 --- [demo] [restartedMain] o.apache.catalina.core.StandardService   : Starting service [Tomcat]
2025-06-25T08:54:54.783+04:00  INFO 21632 --- [demo] [restartedMain] o.apache.catalina.core.StandardEngine    : Starting Servlet engine: [Apache Tomcat/11.0.8]
2025-06-25T08:54:54.825+04:00  INFO 21632 --- [demo] [restartedMain] o.a.c.c.C.[Tomcat].[localhost].[/]       : Initializing Spring embedded WebApplicationContext
2025-06-25T08:54:54.825+04:00  INFO 21632 --- [demo] [restartedMain] w.s.c.ServletWebServerApplicationContext : Root WebApplicationContext: initialization completed in 1331 ms
2025-06-25T08:54:54.951+04:00  INFO 21632 --- [demo] [restartedMain] o.hibernate.jpa.internal.util.LogHelper  : HHH000204: Processing PersistenceUnitInfo [name: default]
2025-06-25T08:54:55.005+04:00  INFO 21632 --- [demo] [restartedMain] org.hibernate.Version                    : HHH000412: Hibernate ORM core version 7.0.2.Final
2025-06-25T08:54:55.451+04:00  INFO 21632 --- [demo] [restartedMain] o.s.o.j.p.SpringPersistenceUnitInfo      : No LoadTimeWeaver setup: ignoring JPA class transformer
2025-06-25T08:54:55.483+04:00  INFO 21632 --- [demo] [restartedMain] com.zaxxer.hikari.HikariDataSource       : HikariPool-1 - Starting...
2025-06-25T08:54:55.640+04:00  INFO 21632 --- [demo] [restartedMain] com.zaxxer.hikari.pool.HikariPool        : HikariPool-1 - Added connection org.postgresql.jdbc.PgConnection@320ef985
2025-06-25T08:54:55.642+04:00  INFO 21632 --- [demo] [restartedMain] com.zaxxer.hikari.HikariDataSource       : HikariPool-1 - Start completed.
2025-06-25T08:54:55.677+04:00  WARN 21632 --- [demo] [restartedMain] org.hibernate.orm.deprecation            : HHH90000025: PostgreSQLDialect does not need to be specified explicitly using 'hibernate.dialect' (remove the property setting and it will be selected by default)
2025-06-25T08:54:55.702+04:00  INFO 21632 --- [demo] [restartedMain] org.hibernate.orm.connections.pooling    : HHH10001005: Database info:
	Database JDBC URL [jdbc:postgresql://localhost:5432/techno_store]
	Database driver: PostgreSQL JDBC Driver
	Database version: 17.5
	Autocommit mode: undefined/unknown
	Isolation level: READ_COMMITTED [default READ_COMMITTED]
	Pool: DatasourceConnectionProviderImpl
	Minimum pool size: undefined/unknown
	Maximum pool size: undefined/unknown
2025-06-25T08:54:55.910+04:00  WARN 21632 --- [demo] [restartedMain] ConfigServletWebServerApplicationContext : Exception encountered during context initialization - cancelling refresh attempt: org.springframework.beans.factory.BeanCreationException: Error creating bean with name 'entityManagerFactory' defined in class path resource [org/springframework/boot/autoconfigure/orm/jpa/HibernateJpaConfiguration.class]: scale has no meaning for SQL floating point types
2025-06-25T08:54:55.912+04:00  INFO 21632 --- [demo] [restartedMain] com.zaxxer.hikari.HikariDataSource       : HikariPool-1 - Shutdown initiated...
2025-06-25T08:54:56.045+04:00  INFO 21632 --- [demo] [restartedMain] com.zaxxer.hikari.HikariDataSource       : HikariPool-1 - Shutdown completed.
2025-06-25T08:54:56.047+04:00  INFO 21632 --- [demo] [restartedMain] o.apache.catalina.core.StandardService   : Stopping service [Tomcat]
2025-06-25T08:54:56.056+04:00  INFO 21632 --- [demo] [restartedMain] .s.b.a.l.ConditionEvaluationReportLogger : 

Error starting ApplicationContext. To display the condition evaluation report re-run your application with 'debug' enabled.
2025-06-25T08:54:56.073+04:00 ERROR 21632 --- [demo] [restartedMain] o.s.boot.SpringApplication               : Application run failed

org.springframework.beans.factory.BeanCreationException: Error creating bean with name 'entityManagerFactory' defined in class path resource [org/springframework/boot/autoconfigure/orm/jpa/HibernateJpaConfiguration.class]: scale has no meaning for SQL floating point types
	at org.springframework.beans.factory.support.AbstractAutowireCapableBeanFactory.initializeBean(AbstractAutowireCapableBeanFactory.java:1813) ~[spring-beans-7.0.0-20250624.203952-658.jar:7.0.0-SNAPSHOT]
	at org.springframework.beans.factory.support.AbstractAutowireCapableBeanFactory.doCreateBean(AbstractAutowireCapableBeanFactory.java:604) ~[spring-beans-7.0.0-20250624.203952-658.jar:7.0.0-SNAPSHOT]
	at org.springframework.beans.factory.support.AbstractAutowireCapableBeanFactory.createBean(AbstractAutowireCapableBeanFactory.java:526) ~[spring-beans-7.0.0-20250624.203952-658.jar:7.0.0-SNAPSHOT]
	at org.springframework.beans.factory.support.AbstractBeanFactory.lambda$doGetBean$0(AbstractBeanFactory.java:333) ~[spring-beans-7.0.0-20250624.203952-658.jar:7.0.0-SNAPSHOT]
	at org.springframework.beans.factory.support.DefaultSingletonBeanRegistry.getSingleton(DefaultSingletonBeanRegistry.java:371) ~[spring-beans-7.0.0-20250624.203952-658.jar:7.0.0-SNAPSHOT]
	at org.springframework.beans.factory.support.AbstractBeanFactory.doGetBean(AbstractBeanFactory.java:331) ~[spring-beans-7.0.0-20250624.203952-658.jar:7.0.0-SNAPSHOT]
	at org.springframework.beans.factory.support.AbstractBeanFactory.getBean(AbstractBeanFactory.java:201) ~[spring-beans-7.0.0-20250624.203952-658.jar:7.0.0-SNAPSHOT]
	at org.springframework.context.support.AbstractApplicationContext.finishBeanFactoryInitialization(AbstractApplicationContext.java:960) ~[spring-context-7.0.0-20250624.203952-658.jar:7.0.0-SNAPSHOT]
	at org.springframework.context.support.AbstractApplicationContext.refresh(AbstractApplicationContext.java:617) ~[spring-context-7.0.0-20250624.203952-658.jar:7.0.0-SNAPSHOT]
	at org.springframework.boot.web.servlet.context.ServletWebServerApplicationContext.refresh(ServletWebServerApplicationContext.java:146) ~[spring-boot-4.0.0-20250624.221003-251.jar:4.0.0-SNAPSHOT]
	at org.springframework.boot.SpringApplication.refresh(SpringApplication.java:752) ~[spring-boot-4.0.0-20250624.221003-251.jar:4.0.0-SNAPSHOT]
	at org.springframework.boot.SpringApplication.refreshContext(SpringApplication.java:439) ~[spring-boot-4.0.0-20250624.221003-251.jar:4.0.0-SNAPSHOT]
	at org.springframework.boot.SpringApplication.run(SpringApplication.java:318) ~[spring-boot-4.0.0-20250624.221003-251.jar:4.0.0-SNAPSHOT]
	at org.springframework.boot.SpringApplication.run(SpringApplication.java:1361) ~[spring-boot-4.0.0-20250624.221003-251.jar:4.0.0-SNAPSHOT]
	at org.springframework.boot.SpringApplication.run(SpringApplication.java:1350) ~[spring-boot-4.0.0-20250624.221003-251.jar:4.0.0-SNAPSHOT]
	at com.example.demo.OnlineStoreApplication.main(OnlineStoreApplication.java:10) ~[classes/:na]
	at java.base/jdk.internal.reflect.DirectMethodHandleAccessor.invoke(DirectMethodHandleAccessor.java:104) ~[na:na]
	at java.base/java.lang.reflect.Method.invoke(Method.java:565) ~[na:na]
	at org.springframework.boot.devtools.restart.RestartLauncher.run(RestartLauncher.java:50) ~[spring-boot-devtools-4.0.0-20250624.221003-251.jar:4.0.0-SNAPSHOT]
Caused by: java.lang.IllegalArgumentException: scale has no meaning for SQL floating point types
	at org.hibernate.dialect.Dialect$SizeStrategyImpl.resolveSize(Dialect.java:5549) ~[hibernate-core-7.0.2.Final.jar:7.0.2.Final]
	at org.hibernate.mapping.Column.calculateColumnSize(Column.java:473) ~[hibernate-core-7.0.2.Final.jar:7.0.2.Final]
	at org.hibernate.mapping.BasicValue.resolve(BasicValue.java:349) ~[hibernate-core-7.0.2.Final.jar:7.0.2.Final]
	at org.hibernate.mapping.BasicValue.resolve(BasicValue.java:331) ~[hibernate-core-7.0.2.Final.jar:7.0.2.Final]
	at org.hibernate.boot.internal.InFlightMetadataCollectorImpl.lambda$processValueResolvers$8(InFlightMetadataCollectorImpl.java:1799) ~[hibernate-core-7.0.2.Final.jar:7.0.2.Final]
	at java.base/java.util.ArrayList.removeIf(ArrayList.java:1773) ~[na:na]
	at java.base/java.util.ArrayList.removeIf(ArrayList.java:1751) ~[na:na]
	at org.hibernate.boot.internal.InFlightMetadataCollectorImpl.processValueResolvers(InFlightMetadataCollectorImpl.java:1798) ~[hibernate-core-7.0.2.Final.jar:7.0.2.Final]
	at org.hibernate.boot.internal.InFlightMetadataCollectorImpl.processSecondPasses(InFlightMetadataCollectorImpl.java:1788) ~[hibernate-core-7.0.2.Final.jar:7.0.2.Final]
	at org.hibernate.boot.model.process.spi.MetadataBuildingProcess.coordinateProcessors(MetadataBuildingProcess.java:346) ~[hibernate-core-7.0.2.Final.jar:7.0.2.Final]
	at org.hibernate.boot.model.process.spi.MetadataBuildingProcess.complete(MetadataBuildingProcess.java:215) ~[hibernate-core-7.0.2.Final.jar:7.0.2.Final]
	at org.hibernate.jpa.boot.internal.EntityManagerFactoryBuilderImpl.metadata(EntityManagerFactoryBuilderImpl.java:1412) ~[hibernate-core-7.0.2.Final.jar:7.0.2.Final]
	at org.hibernate.jpa.boot.internal.EntityManagerFactoryBuilderImpl.populateSessionFactoryBuilder(EntityManagerFactoryBuilderImpl.java:1493) ~[hibernate-core-7.0.2.Final.jar:7.0.2.Final]
	at org.hibernate.jpa.boot.internal.EntityManagerFactoryBuilderImpl.build(EntityManagerFactoryBuilderImpl.java:1475) ~[hibernate-core-7.0.2.Final.jar:7.0.2.Final]
	at org.springframework.orm.jpa.vendor.SpringHibernateJpaPersistenceProvider.createContainerEntityManagerFactory(SpringHibernateJpaPersistenceProvider.java:66) ~[spring-orm-7.0.0-20250624.203952-658.jar:7.0.0-SNAPSHOT]
	at org.springframework.orm.jpa.LocalContainerEntityManagerFactoryBean.createNativeEntityManagerFactory(LocalContainerEntityManagerFactoryBean.java:416) ~[spring-orm-7.0.0-20250624.203952-658.jar:7.0.0-SNAPSHOT]
	at org.springframework.orm.jpa.AbstractEntityManagerFactoryBean.buildNativeEntityManagerFactory(AbstractEntityManagerFactoryBean.java:414) ~[spring-orm-7.0.0-20250624.203952-658.jar:7.0.0-SNAPSHOT]
	at org.springframework.orm.jpa.AbstractEntityManagerFactoryBean.afterPropertiesSet(AbstractEntityManagerFactoryBean.java:394) ~[spring-orm-7.0.0-20250624.203952-658.jar:7.0.0-SNAPSHOT]
	at org.springframework.orm.jpa.LocalContainerEntityManagerFactoryBean.afterPropertiesSet(LocalContainerEntityManagerFactoryBean.java:392) ~[spring-orm-7.0.0-20250624.203952-658.jar:7.0.0-SNAPSHOT]
	at org.springframework.beans.factory.support.AbstractAutowireCapableBeanFactory.invokeInitMethods(AbstractAutowireCapableBeanFactory.java:1860) ~[spring-beans-7.0.0-20250624.203952-658.jar:7.0.0-SNAPSHOT]
	at org.springframework.beans.factory.support.AbstractAutowireCapableBeanFactory.initializeBean(AbstractAutowireCapableBeanFactory.java:1809) ~[spring-beans-7.0.0-20250624.203952-658.jar:7.0.0-SNAPSHOT]
	... 18 common frames omitted

2025-06-25T09:05:15.186+04:00  INFO 27340 --- [demo] [restartedMain] c.example.demo.OnlineStoreApplication    : Starting OnlineStoreApplication using Java 24.0.1 with PID 27340 (C:\Users\Irina\Desktop\project27\target\classes started by Irina in C:\Users\Irina\Desktop\project27)
2025-06-25T09:05:15.189+04:00  INFO 27340 --- [demo] [restartedMain] c.example.demo.OnlineStoreApplication    : No active profile set, falling back to 1 default profile: "default"
2025-06-25T09:05:15.235+04:00  INFO 27340 --- [demo] [restartedMain] .e.DevToolsPropertyDefaultsPostProcessor : Devtools property defaults active! Set 'spring.devtools.add-properties' to 'false' to disable
2025-06-25T09:05:15.235+04:00  INFO 27340 --- [demo] [restartedMain] .e.DevToolsPropertyDefaultsPostProcessor : For additional web related logging consider setting the 'logging.level.web' property to 'DEBUG'
2025-06-25T09:05:15.939+04:00  INFO 27340 --- [demo] [restartedMain] .s.d.r.c.RepositoryConfigurationDelegate : Bootstrapping Spring Data JPA repositories in DEFAULT mode.
2025-06-25T09:05:16.028+04:00  INFO 27340 --- [demo] [restartedMain] .s.d.r.c.RepositoryConfigurationDelegate : Finished Spring Data repository scanning in 80 ms. Found 5 JPA repository interfaces.
2025-06-25T09:05:16.454+04:00  INFO 27340 --- [demo] [restartedMain] o.s.b.w.embedded.tomcat.TomcatWebServer  : Tomcat initialized with port 8080 (http)
2025-06-25T09:05:16.466+04:00  INFO 27340 --- [demo] [restartedMain] o.apache.catalina.core.StandardService   : Starting service [Tomcat]
2025-06-25T09:05:16.467+04:00  INFO 27340 --- [demo] [restartedMain] o.apache.catalina.core.StandardEngine    : Starting Servlet engine: [Apache Tomcat/11.0.8]
2025-06-25T09:05:16.508+04:00  INFO 27340 --- [demo] [restartedMain] o.a.c.c.C.[Tomcat].[localhost].[/]       : Initializing Spring embedded WebApplicationContext
2025-06-25T09:05:16.508+04:00  INFO 27340 --- [demo] [restartedMain] w.s.c.ServletWebServerApplicationContext : Root WebApplicationContext: initialization completed in 1273 ms
2025-06-25T09:05:16.635+04:00  INFO 27340 --- [demo] [restartedMain] o.hibernate.jpa.internal.util.LogHelper  : HHH000204: Processing PersistenceUnitInfo [name: default]
2025-06-25T09:05:16.684+04:00  INFO 27340 --- [demo] [restartedMain] org.hibernate.Version                    : HHH000412: Hibernate ORM core version 7.0.2.Final
2025-06-25T09:05:17.108+04:00  INFO 27340 --- [demo] [restartedMain] o.s.o.j.p.SpringPersistenceUnitInfo      : No LoadTimeWeaver setup: ignoring JPA class transformer
2025-06-25T09:05:17.136+04:00  INFO 27340 --- [demo] [restartedMain] com.zaxxer.hikari.HikariDataSource       : HikariPool-1 - Starting...
2025-06-25T09:05:17.284+04:00  INFO 27340 --- [demo] [restartedMain] com.zaxxer.hikari.pool.HikariPool        : HikariPool-1 - Added connection org.postgresql.jdbc.PgConnection@3cfcfe36
2025-06-25T09:05:17.286+04:00  INFO 27340 --- [demo] [restartedMain] com.zaxxer.hikari.HikariDataSource       : HikariPool-1 - Start completed.
2025-06-25T09:05:17.316+04:00  WARN 27340 --- [demo] [restartedMain] org.hibernate.orm.deprecation            : HHH90000025: PostgreSQLDialect does not need to be specified explicitly using 'hibernate.dialect' (remove the property setting and it will be selected by default)
2025-06-25T09:05:17.340+04:00  INFO 27340 --- [demo] [restartedMain] org.hibernate.orm.connections.pooling    : HHH10001005: Database info:
	Database JDBC URL [jdbc:postgresql://localhost:5432/techno_store]
	Database driver: PostgreSQL JDBC Driver
	Database version: 17.5
	Autocommit mode: undefined/unknown
	Isolation level: READ_COMMITTED [default READ_COMMITTED]
	Pool: DatasourceConnectionProviderImpl
	Minimum pool size: undefined/unknown
	Maximum pool size: undefined/unknown
2025-06-25T09:05:17.511+04:00  WARN 27340 --- [demo] [restartedMain] ConfigServletWebServerApplicationContext : Exception encountered during context initialization - cancelling refresh attempt: org.springframework.beans.factory.BeanCreationException: Error creating bean with name 'entityManagerFactory' defined in class path resource [org/springframework/boot/autoconfigure/orm/jpa/HibernateJpaConfiguration.class]: scale has no meaning for SQL floating point types
2025-06-25T09:05:17.512+04:00  INFO 27340 --- [demo] [restartedMain] com.zaxxer.hikari.HikariDataSource       : HikariPool-1 - Shutdown initiated...
2025-06-25T09:05:17.592+04:00  INFO 27340 --- [demo] [restartedMain] com.zaxxer.hikari.HikariDataSource       : HikariPool-1 - Shutdown completed.
2025-06-25T09:05:17.595+04:00  INFO 27340 --- [demo] [restartedMain] o.apache.catalina.core.StandardService   : Stopping service [Tomcat]
2025-06-25T09:05:17.607+04:00  INFO 27340 --- [demo] [restartedMain] .s.b.a.l.ConditionEvaluationReportLogger : 

Error starting ApplicationContext. To display the condition evaluation report re-run your application with 'debug' enabled.
2025-06-25T09:05:17.627+04:00 ERROR 27340 --- [demo] [restartedMain] o.s.boot.SpringApplication               : Application run failed

org.springframework.beans.factory.BeanCreationException: Error creating bean with name 'entityManagerFactory' defined in class path resource [org/springframework/boot/autoconfigure/orm/jpa/HibernateJpaConfiguration.class]: scale has no meaning for SQL floating point types
	at org.springframework.beans.factory.support.AbstractAutowireCapableBeanFactory.initializeBean(AbstractAutowireCapableBeanFactory.java:1813) ~[spring-beans-7.0.0-20250624.203952-658.jar:7.0.0-SNAPSHOT]
	at org.springframework.beans.factory.support.AbstractAutowireCapableBeanFactory.doCreateBean(AbstractAutowireCapableBeanFactory.java:604) ~[spring-beans-7.0.0-20250624.203952-658.jar:7.0.0-SNAPSHOT]
	at org.springframework.beans.factory.support.AbstractAutowireCapableBeanFactory.createBean(AbstractAutowireCapableBeanFactory.java:526) ~[spring-beans-7.0.0-20250624.203952-658.jar:7.0.0-SNAPSHOT]
	at org.springframework.beans.factory.support.AbstractBeanFactory.lambda$doGetBean$0(AbstractBeanFactory.java:333) ~[spring-beans-7.0.0-20250624.203952-658.jar:7.0.0-SNAPSHOT]
	at org.springframework.beans.factory.support.DefaultSingletonBeanRegistry.getSingleton(DefaultSingletonBeanRegistry.java:371) ~[spring-beans-7.0.0-20250624.203952-658.jar:7.0.0-SNAPSHOT]
	at org.springframework.beans.factory.support.AbstractBeanFactory.doGetBean(AbstractBeanFactory.java:331) ~[spring-beans-7.0.0-20250624.203952-658.jar:7.0.0-SNAPSHOT]
	at org.springframework.beans.factory.support.AbstractBeanFactory.getBean(AbstractBeanFactory.java:201) ~[spring-beans-7.0.0-20250624.203952-658.jar:7.0.0-SNAPSHOT]
	at org.springframework.context.support.AbstractApplicationContext.finishBeanFactoryInitialization(AbstractApplicationContext.java:960) ~[spring-context-7.0.0-20250624.203952-658.jar:7.0.0-SNAPSHOT]
	at org.springframework.context.support.AbstractApplicationContext.refresh(AbstractApplicationContext.java:617) ~[spring-context-7.0.0-20250624.203952-658.jar:7.0.0-SNAPSHOT]
	at org.springframework.boot.web.servlet.context.ServletWebServerApplicationContext.refresh(ServletWebServerApplicationContext.java:146) ~[spring-boot-4.0.0-20250624.221003-251.jar:4.0.0-SNAPSHOT]
	at org.springframework.boot.SpringApplication.refresh(SpringApplication.java:752) ~[spring-boot-4.0.0-20250624.221003-251.jar:4.0.0-SNAPSHOT]
	at org.springframework.boot.SpringApplication.refreshContext(SpringApplication.java:439) ~[spring-boot-4.0.0-20250624.221003-251.jar:4.0.0-SNAPSHOT]
	at org.springframework.boot.SpringApplication.run(SpringApplication.java:318) ~[spring-boot-4.0.0-20250624.221003-251.jar:4.0.0-SNAPSHOT]
	at org.springframework.boot.SpringApplication.run(SpringApplication.java:1361) ~[spring-boot-4.0.0-20250624.221003-251.jar:4.0.0-SNAPSHOT]
	at org.springframework.boot.SpringApplication.run(SpringApplication.java:1350) ~[spring-boot-4.0.0-20250624.221003-251.jar:4.0.0-SNAPSHOT]
	at com.example.demo.OnlineStoreApplication.main(OnlineStoreApplication.java:10) ~[classes/:na]
	at java.base/jdk.internal.reflect.DirectMethodHandleAccessor.invoke(DirectMethodHandleAccessor.java:104) ~[na:na]
	at java.base/java.lang.reflect.Method.invoke(Method.java:565) ~[na:na]
	at org.springframework.boot.devtools.restart.RestartLauncher.run(RestartLauncher.java:50) ~[spring-boot-devtools-4.0.0-20250624.221003-251.jar:4.0.0-SNAPSHOT]
Caused by: java.lang.IllegalArgumentException: scale has no meaning for SQL floating point types
	at org.hibernate.dialect.Dialect$SizeStrategyImpl.resolveSize(Dialect.java:5549) ~[hibernate-core-7.0.2.Final.jar:7.0.2.Final]
	at org.hibernate.mapping.Column.calculateColumnSize(Column.java:473) ~[hibernate-core-7.0.2.Final.jar:7.0.2.Final]
	at org.hibernate.mapping.BasicValue.resolve(BasicValue.java:349) ~[hibernate-core-7.0.2.Final.jar:7.0.2.Final]
	at org.hibernate.mapping.BasicValue.resolve(BasicValue.java:331) ~[hibernate-core-7.0.2.Final.jar:7.0.2.Final]
	at org.hibernate.boot.internal.InFlightMetadataCollectorImpl.lambda$processValueResolvers$8(InFlightMetadataCollectorImpl.java:1799) ~[hibernate-core-7.0.2.Final.jar:7.0.2.Final]
	at java.base/java.util.ArrayList.removeIf(ArrayList.java:1773) ~[na:na]
	at java.base/java.util.ArrayList.removeIf(ArrayList.java:1751) ~[na:na]
	at org.hibernate.boot.internal.InFlightMetadataCollectorImpl.processValueResolvers(InFlightMetadataCollectorImpl.java:1798) ~[hibernate-core-7.0.2.Final.jar:7.0.2.Final]
	at org.hibernate.boot.internal.InFlightMetadataCollectorImpl.processSecondPasses(InFlightMetadataCollectorImpl.java:1788) ~[hibernate-core-7.0.2.Final.jar:7.0.2.Final]
	at org.hibernate.boot.model.process.spi.MetadataBuildingProcess.coordinateProcessors(MetadataBuildingProcess.java:346) ~[hibernate-core-7.0.2.Final.jar:7.0.2.Final]
	at org.hibernate.boot.model.process.spi.MetadataBuildingProcess.complete(MetadataBuildingProcess.java:215) ~[hibernate-core-7.0.2.Final.jar:7.0.2.Final]
	at org.hibernate.jpa.boot.internal.EntityManagerFactoryBuilderImpl.metadata(EntityManagerFactoryBuilderImpl.java:1412) ~[hibernate-core-7.0.2.Final.jar:7.0.2.Final]
	at org.hibernate.jpa.boot.internal.EntityManagerFactoryBuilderImpl.populateSessionFactoryBuilder(EntityManagerFactoryBuilderImpl.java:1493) ~[hibernate-core-7.0.2.Final.jar:7.0.2.Final]
	at org.hibernate.jpa.boot.internal.EntityManagerFactoryBuilderImpl.build(EntityManagerFactoryBuilderImpl.java:1475) ~[hibernate-core-7.0.2.Final.jar:7.0.2.Final]
	at org.springframework.orm.jpa.vendor.SpringHibernateJpaPersistenceProvider.createContainerEntityManagerFactory(SpringHibernateJpaPersistenceProvider.java:66) ~[spring-orm-7.0.0-20250624.203952-658.jar:7.0.0-SNAPSHOT]
	at org.springframework.orm.jpa.LocalContainerEntityManagerFactoryBean.createNativeEntityManagerFactory(LocalContainerEntityManagerFactoryBean.java:416) ~[spring-orm-7.0.0-20250624.203952-658.jar:7.0.0-SNAPSHOT]
	at org.springframework.orm.jpa.AbstractEntityManagerFactoryBean.buildNativeEntityManagerFactory(AbstractEntityManagerFactoryBean.java:414) ~[spring-orm-7.0.0-20250624.203952-658.jar:7.0.0-SNAPSHOT]
	at org.springframework.orm.jpa.AbstractEntityManagerFactoryBean.afterPropertiesSet(AbstractEntityManagerFactoryBean.java:394) ~[spring-orm-7.0.0-20250624.203952-658.jar:7.0.0-SNAPSHOT]
	at org.springframework.orm.jpa.LocalContainerEntityManagerFactoryBean.afterPropertiesSet(LocalContainerEntityManagerFactoryBean.java:392) ~[spring-orm-7.0.0-20250624.203952-658.jar:7.0.0-SNAPSHOT]
	at org.springframework.beans.factory.support.AbstractAutowireCapableBeanFactory.invokeInitMethods(AbstractAutowireCapableBeanFactory.java:1860) ~[spring-beans-7.0.0-20250624.203952-658.jar:7.0.0-SNAPSHOT]
	at org.springframework.beans.factory.support.AbstractAutowireCapableBeanFactory.initializeBean(AbstractAutowireCapableBeanFactory.java:1809) ~[spring-beans-7.0.0-20250624.203952-658.jar:7.0.0-SNAPSHOT]
	... 18 common frames omitted

2025-06-25T09:05:39.145+04:00  INFO 26764 --- [demo] [restartedMain] c.example.demo.OnlineStoreApplication    : Starting OnlineStoreApplication using Java 24.0.1 with PID 26764 (C:\Users\Irina\Desktop\project27\target\classes started by Irina in C:\Users\Irina\Desktop\project27)
2025-06-25T09:05:39.148+04:00  INFO 26764 --- [demo] [restartedMain] c.example.demo.OnlineStoreApplication    : No active profile set, falling back to 1 default profile: "default"
2025-06-25T09:05:39.204+04:00  INFO 26764 --- [demo] [restartedMain] .e.DevToolsPropertyDefaultsPostProcessor : Devtools property defaults active! Set 'spring.devtools.add-properties' to 'false' to disable
2025-06-25T09:05:39.204+04:00  INFO 26764 --- [demo] [restartedMain] .e.DevToolsPropertyDefaultsPostProcessor : For additional web related logging consider setting the 'logging.level.web' property to 'DEBUG'
2025-06-25T09:05:39.930+04:00  INFO 26764 --- [demo] [restartedMain] .s.d.r.c.RepositoryConfigurationDelegate : Bootstrapping Spring Data JPA repositories in DEFAULT mode.
2025-06-25T09:05:40.033+04:00  INFO 26764 --- [demo] [restartedMain] .s.d.r.c.RepositoryConfigurationDelegate : Finished Spring Data repository scanning in 93 ms. Found 5 JPA repository interfaces.
2025-06-25T09:05:40.481+04:00  INFO 26764 --- [demo] [restartedMain] o.s.b.w.embedded.tomcat.TomcatWebServer  : Tomcat initialized with port 8080 (http)
2025-06-25T09:05:40.497+04:00  INFO 26764 --- [demo] [restartedMain] o.apache.catalina.core.StandardService   : Starting service [Tomcat]
2025-06-25T09:05:40.497+04:00  INFO 26764 --- [demo] [restartedMain] o.apache.catalina.core.StandardEngine    : Starting Servlet engine: [Apache Tomcat/11.0.8]
2025-06-25T09:05:40.534+04:00  INFO 26764 --- [demo] [restartedMain] o.a.c.c.C.[Tomcat].[localhost].[/]       : Initializing Spring embedded WebApplicationContext
2025-06-25T09:05:40.534+04:00  INFO 26764 --- [demo] [restartedMain] w.s.c.ServletWebServerApplicationContext : Root WebApplicationContext: initialization completed in 1329 ms
2025-06-25T09:05:40.674+04:00  INFO 26764 --- [demo] [restartedMain] o.hibernate.jpa.internal.util.LogHelper  : HHH000204: Processing PersistenceUnitInfo [name: default]
2025-06-25T09:05:40.731+04:00  INFO 26764 --- [demo] [restartedMain] org.hibernate.Version                    : HHH000412: Hibernate ORM core version 7.0.2.Final
2025-06-25T09:05:41.162+04:00  INFO 26764 --- [demo] [restartedMain] o.s.o.j.p.SpringPersistenceUnitInfo      : No LoadTimeWeaver setup: ignoring JPA class transformer
2025-06-25T09:05:41.190+04:00  INFO 26764 --- [demo] [restartedMain] com.zaxxer.hikari.HikariDataSource       : HikariPool-1 - Starting...
2025-06-25T09:05:41.342+04:00  INFO 26764 --- [demo] [restartedMain] com.zaxxer.hikari.pool.HikariPool        : HikariPool-1 - Added connection org.postgresql.jdbc.PgConnection@39cf1b19
2025-06-25T09:05:41.343+04:00  INFO 26764 --- [demo] [restartedMain] com.zaxxer.hikari.HikariDataSource       : HikariPool-1 - Start completed.
2025-06-25T09:05:41.377+04:00  WARN 26764 --- [demo] [restartedMain] org.hibernate.orm.deprecation            : HHH90000025: PostgreSQLDialect does not need to be specified explicitly using 'hibernate.dialect' (remove the property setting and it will be selected by default)
2025-06-25T09:05:41.405+04:00  INFO 26764 --- [demo] [restartedMain] org.hibernate.orm.connections.pooling    : HHH10001005: Database info:
	Database JDBC URL [jdbc:postgresql://localhost:5432/techno_store]
	Database driver: PostgreSQL JDBC Driver
	Database version: 17.5
	Autocommit mode: undefined/unknown
	Isolation level: READ_COMMITTED [default READ_COMMITTED]
	Pool: DatasourceConnectionProviderImpl
	Minimum pool size: undefined/unknown
	Maximum pool size: undefined/unknown
2025-06-25T09:05:41.594+04:00  WARN 26764 --- [demo] [restartedMain] ConfigServletWebServerApplicationContext : Exception encountered during context initialization - cancelling refresh attempt: org.springframework.beans.factory.BeanCreationException: Error creating bean with name 'entityManagerFactory' defined in class path resource [org/springframework/boot/autoconfigure/orm/jpa/HibernateJpaConfiguration.class]: scale has no meaning for SQL floating point types
2025-06-25T09:05:41.596+04:00  INFO 26764 --- [demo] [restartedMain] com.zaxxer.hikari.HikariDataSource       : HikariPool-1 - Shutdown initiated...
2025-06-25T09:05:41.618+04:00  INFO 26764 --- [demo] [restartedMain] com.zaxxer.hikari.HikariDataSource       : HikariPool-1 - Shutdown completed.
2025-06-25T09:05:41.620+04:00  INFO 26764 --- [demo] [restartedMain] o.apache.catalina.core.StandardService   : Stopping service [Tomcat]
2025-06-25T09:05:41.631+04:00  INFO 26764 --- [demo] [restartedMain] .s.b.a.l.ConditionEvaluationReportLogger : 

Error starting ApplicationContext. To display the condition evaluation report re-run your application with 'debug' enabled.
2025-06-25T09:05:41.651+04:00 ERROR 26764 --- [demo] [restartedMain] o.s.boot.SpringApplication               : Application run failed

org.springframework.beans.factory.BeanCreationException: Error creating bean with name 'entityManagerFactory' defined in class path resource [org/springframework/boot/autoconfigure/orm/jpa/HibernateJpaConfiguration.class]: scale has no meaning for SQL floating point types
	at org.springframework.beans.factory.support.AbstractAutowireCapableBeanFactory.initializeBean(AbstractAutowireCapableBeanFactory.java:1813) ~[spring-beans-7.0.0-20250624.203952-658.jar:7.0.0-SNAPSHOT]
	at org.springframework.beans.factory.support.AbstractAutowireCapableBeanFactory.doCreateBean(AbstractAutowireCapableBeanFactory.java:604) ~[spring-beans-7.0.0-20250624.203952-658.jar:7.0.0-SNAPSHOT]
	at org.springframework.beans.factory.support.AbstractAutowireCapableBeanFactory.createBean(AbstractAutowireCapableBeanFactory.java:526) ~[spring-beans-7.0.0-20250624.203952-658.jar:7.0.0-SNAPSHOT]
	at org.springframework.beans.factory.support.AbstractBeanFactory.lambda$doGetBean$0(AbstractBeanFactory.java:333) ~[spring-beans-7.0.0-20250624.203952-658.jar:7.0.0-SNAPSHOT]
	at org.springframework.beans.factory.support.DefaultSingletonBeanRegistry.getSingleton(DefaultSingletonBeanRegistry.java:371) ~[spring-beans-7.0.0-20250624.203952-658.jar:7.0.0-SNAPSHOT]
	at org.springframework.beans.factory.support.AbstractBeanFactory.doGetBean(AbstractBeanFactory.java:331) ~[spring-beans-7.0.0-20250624.203952-658.jar:7.0.0-SNAPSHOT]
	at org.springframework.beans.factory.support.AbstractBeanFactory.getBean(AbstractBeanFactory.java:201) ~[spring-beans-7.0.0-20250624.203952-658.jar:7.0.0-SNAPSHOT]
	at org.springframework.context.support.AbstractApplicationContext.finishBeanFactoryInitialization(AbstractApplicationContext.java:960) ~[spring-context-7.0.0-20250624.203952-658.jar:7.0.0-SNAPSHOT]
	at org.springframework.context.support.AbstractApplicationContext.refresh(AbstractApplicationContext.java:617) ~[spring-context-7.0.0-20250624.203952-658.jar:7.0.0-SNAPSHOT]
	at org.springframework.boot.web.servlet.context.ServletWebServerApplicationContext.refresh(ServletWebServerApplicationContext.java:146) ~[spring-boot-4.0.0-20250624.221003-251.jar:4.0.0-SNAPSHOT]
	at org.springframework.boot.SpringApplication.refresh(SpringApplication.java:752) ~[spring-boot-4.0.0-20250624.221003-251.jar:4.0.0-SNAPSHOT]
	at org.springframework.boot.SpringApplication.refreshContext(SpringApplication.java:439) ~[spring-boot-4.0.0-20250624.221003-251.jar:4.0.0-SNAPSHOT]
	at org.springframework.boot.SpringApplication.run(SpringApplication.java:318) ~[spring-boot-4.0.0-20250624.221003-251.jar:4.0.0-SNAPSHOT]
	at org.springframework.boot.SpringApplication.run(SpringApplication.java:1361) ~[spring-boot-4.0.0-20250624.221003-251.jar:4.0.0-SNAPSHOT]
	at org.springframework.boot.SpringApplication.run(SpringApplication.java:1350) ~[spring-boot-4.0.0-20250624.221003-251.jar:4.0.0-SNAPSHOT]
	at com.example.demo.OnlineStoreApplication.main(OnlineStoreApplication.java:10) ~[classes/:na]
	at java.base/jdk.internal.reflect.DirectMethodHandleAccessor.invoke(DirectMethodHandleAccessor.java:104) ~[na:na]
	at java.base/java.lang.reflect.Method.invoke(Method.java:565) ~[na:na]
	at org.springframework.boot.devtools.restart.RestartLauncher.run(RestartLauncher.java:50) ~[spring-boot-devtools-4.0.0-20250624.221003-251.jar:4.0.0-SNAPSHOT]
Caused by: java.lang.IllegalArgumentException: scale has no meaning for SQL floating point types
	at org.hibernate.dialect.Dialect$SizeStrategyImpl.resolveSize(Dialect.java:5549) ~[hibernate-core-7.0.2.Final.jar:7.0.2.Final]
	at org.hibernate.mapping.Column.calculateColumnSize(Column.java:473) ~[hibernate-core-7.0.2.Final.jar:7.0.2.Final]
	at org.hibernate.mapping.BasicValue.resolve(BasicValue.java:349) ~[hibernate-core-7.0.2.Final.jar:7.0.2.Final]
	at org.hibernate.mapping.BasicValue.resolve(BasicValue.java:331) ~[hibernate-core-7.0.2.Final.jar:7.0.2.Final]
	at org.hibernate.boot.internal.InFlightMetadataCollectorImpl.lambda$processValueResolvers$8(InFlightMetadataCollectorImpl.java:1799) ~[hibernate-core-7.0.2.Final.jar:7.0.2.Final]
	at java.base/java.util.ArrayList.removeIf(ArrayList.java:1773) ~[na:na]
	at java.base/java.util.ArrayList.removeIf(ArrayList.java:1751) ~[na:na]
	at org.hibernate.boot.internal.InFlightMetadataCollectorImpl.processValueResolvers(InFlightMetadataCollectorImpl.java:1798) ~[hibernate-core-7.0.2.Final.jar:7.0.2.Final]
	at org.hibernate.boot.internal.InFlightMetadataCollectorImpl.processSecondPasses(InFlightMetadataCollectorImpl.java:1788) ~[hibernate-core-7.0.2.Final.jar:7.0.2.Final]
	at org.hibernate.boot.model.process.spi.MetadataBuildingProcess.coordinateProcessors(MetadataBuildingProcess.java:346) ~[hibernate-core-7.0.2.Final.jar:7.0.2.Final]
	at org.hibernate.boot.model.process.spi.MetadataBuildingProcess.complete(MetadataBuildingProcess.java:215) ~[hibernate-core-7.0.2.Final.jar:7.0.2.Final]
	at org.hibernate.jpa.boot.internal.EntityManagerFactoryBuilderImpl.metadata(EntityManagerFactoryBuilderImpl.java:1412) ~[hibernate-core-7.0.2.Final.jar:7.0.2.Final]
	at org.hibernate.jpa.boot.internal.EntityManagerFactoryBuilderImpl.populateSessionFactoryBuilder(EntityManagerFactoryBuilderImpl.java:1493) ~[hibernate-core-7.0.2.Final.jar:7.0.2.Final]
	at org.hibernate.jpa.boot.internal.EntityManagerFactoryBuilderImpl.build(EntityManagerFactoryBuilderImpl.java:1475) ~[hibernate-core-7.0.2.Final.jar:7.0.2.Final]
	at org.springframework.orm.jpa.vendor.SpringHibernateJpaPersistenceProvider.createContainerEntityManagerFactory(SpringHibernateJpaPersistenceProvider.java:66) ~[spring-orm-7.0.0-20250624.203952-658.jar:7.0.0-SNAPSHOT]
	at org.springframework.orm.jpa.LocalContainerEntityManagerFactoryBean.createNativeEntityManagerFactory(LocalContainerEntityManagerFactoryBean.java:416) ~[spring-orm-7.0.0-20250624.203952-658.jar:7.0.0-SNAPSHOT]
	at org.springframework.orm.jpa.AbstractEntityManagerFactoryBean.buildNativeEntityManagerFactory(AbstractEntityManagerFactoryBean.java:414) ~[spring-orm-7.0.0-20250624.203952-658.jar:7.0.0-SNAPSHOT]
	at org.springframework.orm.jpa.AbstractEntityManagerFactoryBean.afterPropertiesSet(AbstractEntityManagerFactoryBean.java:394) ~[spring-orm-7.0.0-20250624.203952-658.jar:7.0.0-SNAPSHOT]
	at org.springframework.orm.jpa.LocalContainerEntityManagerFactoryBean.afterPropertiesSet(LocalContainerEntityManagerFactoryBean.java:392) ~[spring-orm-7.0.0-20250624.203952-658.jar:7.0.0-SNAPSHOT]
	at org.springframework.beans.factory.support.AbstractAutowireCapableBeanFactory.invokeInitMethods(AbstractAutowireCapableBeanFactory.java:1860) ~[spring-beans-7.0.0-20250624.203952-658.jar:7.0.0-SNAPSHOT]
	at org.springframework.beans.factory.support.AbstractAutowireCapableBeanFactory.initializeBean(AbstractAutowireCapableBeanFactory.java:1809) ~[spring-beans-7.0.0-20250624.203952-658.jar:7.0.0-SNAPSHOT]
	... 18 common frames omitted

2025-06-25T09:11:45.493+04:00  INFO 25332 --- [demo] [restartedMain] c.example.demo.OnlineStoreApplication    : Starting OnlineStoreApplication using Java 24.0.1 with PID 25332 (C:\Users\Irina\Desktop\project27\target\classes started by Irina in C:\Users\Irina\Desktop\project27)
2025-06-25T09:11:45.496+04:00  INFO 25332 --- [demo] [restartedMain] c.example.demo.OnlineStoreApplication    : No active profile set, falling back to 1 default profile: "default"
2025-06-25T09:11:45.544+04:00  INFO 25332 --- [demo] [restartedMain] .e.DevToolsPropertyDefaultsPostProcessor : Devtools property defaults active! Set 'spring.devtools.add-properties' to 'false' to disable
2025-06-25T09:11:45.544+04:00  INFO 25332 --- [demo] [restartedMain] .e.DevToolsPropertyDefaultsPostProcessor : For additional web related logging consider setting the 'logging.level.web' property to 'DEBUG'
2025-06-25T09:11:46.256+04:00  INFO 25332 --- [demo] [restartedMain] .s.d.r.c.RepositoryConfigurationDelegate : Bootstrapping Spring Data JPA repositories in DEFAULT mode.
2025-06-25T09:11:46.346+04:00  INFO 25332 --- [demo] [restartedMain] .s.d.r.c.RepositoryConfigurationDelegate : Finished Spring Data repository scanning in 81 ms. Found 5 JPA repository interfaces.
2025-06-25T09:11:46.806+04:00  INFO 25332 --- [demo] [restartedMain] o.s.b.w.embedded.tomcat.TomcatWebServer  : Tomcat initialized with port 8080 (http)
2025-06-25T09:11:46.819+04:00  INFO 25332 --- [demo] [restartedMain] o.apache.catalina.core.StandardService   : Starting service [Tomcat]
2025-06-25T09:11:46.820+04:00  INFO 25332 --- [demo] [restartedMain] o.apache.catalina.core.StandardEngine    : Starting Servlet engine: [Apache Tomcat/11.0.8]
2025-06-25T09:11:46.863+04:00  INFO 25332 --- [demo] [restartedMain] o.a.c.c.C.[Tomcat].[localhost].[/]       : Initializing Spring embedded WebApplicationContext
2025-06-25T09:11:46.864+04:00  INFO 25332 --- [demo] [restartedMain] w.s.c.ServletWebServerApplicationContext : Root WebApplicationContext: initialization completed in 1320 ms
2025-06-25T09:11:47.017+04:00  INFO 25332 --- [demo] [restartedMain] o.hibernate.jpa.internal.util.LogHelper  : HHH000204: Processing PersistenceUnitInfo [name: default]
2025-06-25T09:11:47.076+04:00  INFO 25332 --- [demo] [restartedMain] org.hibernate.Version                    : HHH000412: Hibernate ORM core version 7.0.2.Final
2025-06-25T09:11:47.502+04:00  INFO 25332 --- [demo] [restartedMain] o.s.o.j.p.SpringPersistenceUnitInfo      : No LoadTimeWeaver setup: ignoring JPA class transformer
2025-06-25T09:11:47.529+04:00  INFO 25332 --- [demo] [restartedMain] com.zaxxer.hikari.HikariDataSource       : HikariPool-1 - Starting...
2025-06-25T09:11:47.687+04:00  INFO 25332 --- [demo] [restartedMain] com.zaxxer.hikari.pool.HikariPool        : HikariPool-1 - Added connection org.postgresql.jdbc.PgConnection@6c5bd8cb
2025-06-25T09:11:47.689+04:00  INFO 25332 --- [demo] [restartedMain] com.zaxxer.hikari.HikariDataSource       : HikariPool-1 - Start completed.
2025-06-25T09:11:47.722+04:00  WARN 25332 --- [demo] [restartedMain] org.hibernate.orm.deprecation            : HHH90000025: PostgreSQLDialect does not need to be specified explicitly using 'hibernate.dialect' (remove the property setting and it will be selected by default)
2025-06-25T09:11:47.746+04:00  INFO 25332 --- [demo] [restartedMain] org.hibernate.orm.connections.pooling    : HHH10001005: Database info:
	Database JDBC URL [jdbc:postgresql://localhost:5432/techno_store]
	Database driver: PostgreSQL JDBC Driver
	Database version: 17.5
	Autocommit mode: undefined/unknown
	Isolation level: READ_COMMITTED [default READ_COMMITTED]
	Pool: DatasourceConnectionProviderImpl
	Minimum pool size: undefined/unknown
	Maximum pool size: undefined/unknown
2025-06-25T09:11:47.942+04:00  WARN 25332 --- [demo] [restartedMain] ConfigServletWebServerApplicationContext : Exception encountered during context initialization - cancelling refresh attempt: org.springframework.beans.factory.BeanCreationException: Error creating bean with name 'entityManagerFactory' defined in class path resource [org/springframework/boot/autoconfigure/orm/jpa/HibernateJpaConfiguration.class]: scale has no meaning for SQL floating point types
2025-06-25T09:11:47.946+04:00  INFO 25332 --- [demo] [restartedMain] com.zaxxer.hikari.HikariDataSource       : HikariPool-1 - Shutdown initiated...
2025-06-25T09:11:47.990+04:00  INFO 25332 --- [demo] [restartedMain] com.zaxxer.hikari.HikariDataSource       : HikariPool-1 - Shutdown completed.
2025-06-25T09:11:47.993+04:00  INFO 25332 --- [demo] [restartedMain] o.apache.catalina.core.StandardService   : Stopping service [Tomcat]
2025-06-25T09:11:48.006+04:00  INFO 25332 --- [demo] [restartedMain] .s.b.a.l.ConditionEvaluationReportLogger : 

Error starting ApplicationContext. To display the condition evaluation report re-run your application with 'debug' enabled.
2025-06-25T09:11:48.025+04:00 ERROR 25332 --- [demo] [restartedMain] o.s.boot.SpringApplication               : Application run failed

org.springframework.beans.factory.BeanCreationException: Error creating bean with name 'entityManagerFactory' defined in class path resource [org/springframework/boot/autoconfigure/orm/jpa/HibernateJpaConfiguration.class]: scale has no meaning for SQL floating point types
	at org.springframework.beans.factory.support.AbstractAutowireCapableBeanFactory.initializeBean(AbstractAutowireCapableBeanFactory.java:1813) ~[spring-beans-7.0.0-20250624.203952-658.jar:7.0.0-SNAPSHOT]
	at org.springframework.beans.factory.support.AbstractAutowireCapableBeanFactory.doCreateBean(AbstractAutowireCapableBeanFactory.java:604) ~[spring-beans-7.0.0-20250624.203952-658.jar:7.0.0-SNAPSHOT]
	at org.springframework.beans.factory.support.AbstractAutowireCapableBeanFactory.createBean(AbstractAutowireCapableBeanFactory.java:526) ~[spring-beans-7.0.0-20250624.203952-658.jar:7.0.0-SNAPSHOT]
	at org.springframework.beans.factory.support.AbstractBeanFactory.lambda$doGetBean$0(AbstractBeanFactory.java:333) ~[spring-beans-7.0.0-20250624.203952-658.jar:7.0.0-SNAPSHOT]
	at org.springframework.beans.factory.support.DefaultSingletonBeanRegistry.getSingleton(DefaultSingletonBeanRegistry.java:371) ~[spring-beans-7.0.0-20250624.203952-658.jar:7.0.0-SNAPSHOT]
	at org.springframework.beans.factory.support.AbstractBeanFactory.doGetBean(AbstractBeanFactory.java:331) ~[spring-beans-7.0.0-20250624.203952-658.jar:7.0.0-SNAPSHOT]
	at org.springframework.beans.factory.support.AbstractBeanFactory.getBean(AbstractBeanFactory.java:201) ~[spring-beans-7.0.0-20250624.203952-658.jar:7.0.0-SNAPSHOT]
	at org.springframework.context.support.AbstractApplicationContext.finishBeanFactoryInitialization(AbstractApplicationContext.java:960) ~[spring-context-7.0.0-20250624.203952-658.jar:7.0.0-SNAPSHOT]
	at org.springframework.context.support.AbstractApplicationContext.refresh(AbstractApplicationContext.java:617) ~[spring-context-7.0.0-20250624.203952-658.jar:7.0.0-SNAPSHOT]
	at org.springframework.boot.web.servlet.context.ServletWebServerApplicationContext.refresh(ServletWebServerApplicationContext.java:146) ~[spring-boot-4.0.0-20250624.221003-251.jar:4.0.0-SNAPSHOT]
	at org.springframework.boot.SpringApplication.refresh(SpringApplication.java:752) ~[spring-boot-4.0.0-20250624.221003-251.jar:4.0.0-SNAPSHOT]
	at org.springframework.boot.SpringApplication.refreshContext(SpringApplication.java:439) ~[spring-boot-4.0.0-20250624.221003-251.jar:4.0.0-SNAPSHOT]
	at org.springframework.boot.SpringApplication.run(SpringApplication.java:318) ~[spring-boot-4.0.0-20250624.221003-251.jar:4.0.0-SNAPSHOT]
	at org.springframework.boot.SpringApplication.run(SpringApplication.java:1361) ~[spring-boot-4.0.0-20250624.221003-251.jar:4.0.0-SNAPSHOT]
	at org.springframework.boot.SpringApplication.run(SpringApplication.java:1350) ~[spring-boot-4.0.0-20250624.221003-251.jar:4.0.0-SNAPSHOT]
	at com.example.demo.OnlineStoreApplication.main(OnlineStoreApplication.java:10) ~[classes/:na]
	at java.base/jdk.internal.reflect.DirectMethodHandleAccessor.invoke(DirectMethodHandleAccessor.java:104) ~[na:na]
	at java.base/java.lang.reflect.Method.invoke(Method.java:565) ~[na:na]
	at org.springframework.boot.devtools.restart.RestartLauncher.run(RestartLauncher.java:50) ~[spring-boot-devtools-4.0.0-20250624.221003-251.jar:4.0.0-SNAPSHOT]
Caused by: java.lang.IllegalArgumentException: scale has no meaning for SQL floating point types
	at org.hibernate.dialect.Dialect$SizeStrategyImpl.resolveSize(Dialect.java:5549) ~[hibernate-core-7.0.2.Final.jar:7.0.2.Final]
	at org.hibernate.mapping.Column.calculateColumnSize(Column.java:473) ~[hibernate-core-7.0.2.Final.jar:7.0.2.Final]
	at org.hibernate.mapping.BasicValue.resolve(BasicValue.java:349) ~[hibernate-core-7.0.2.Final.jar:7.0.2.Final]
	at org.hibernate.mapping.BasicValue.resolve(BasicValue.java:331) ~[hibernate-core-7.0.2.Final.jar:7.0.2.Final]
	at org.hibernate.boot.internal.InFlightMetadataCollectorImpl.lambda$processValueResolvers$8(InFlightMetadataCollectorImpl.java:1799) ~[hibernate-core-7.0.2.Final.jar:7.0.2.Final]
	at java.base/java.util.ArrayList.removeIf(ArrayList.java:1773) ~[na:na]
	at java.base/java.util.ArrayList.removeIf(ArrayList.java:1751) ~[na:na]
	at org.hibernate.boot.internal.InFlightMetadataCollectorImpl.processValueResolvers(InFlightMetadataCollectorImpl.java:1798) ~[hibernate-core-7.0.2.Final.jar:7.0.2.Final]
	at org.hibernate.boot.internal.InFlightMetadataCollectorImpl.processSecondPasses(InFlightMetadataCollectorImpl.java:1788) ~[hibernate-core-7.0.2.Final.jar:7.0.2.Final]
	at org.hibernate.boot.model.process.spi.MetadataBuildingProcess.coordinateProcessors(MetadataBuildingProcess.java:346) ~[hibernate-core-7.0.2.Final.jar:7.0.2.Final]
	at org.hibernate.boot.model.process.spi.MetadataBuildingProcess.complete(MetadataBuildingProcess.java:215) ~[hibernate-core-7.0.2.Final.jar:7.0.2.Final]
	at org.hibernate.jpa.boot.internal.EntityManagerFactoryBuilderImpl.metadata(EntityManagerFactoryBuilderImpl.java:1412) ~[hibernate-core-7.0.2.Final.jar:7.0.2.Final]
	at org.hibernate.jpa.boot.internal.EntityManagerFactoryBuilderImpl.populateSessionFactoryBuilder(EntityManagerFactoryBuilderImpl.java:1493) ~[hibernate-core-7.0.2.Final.jar:7.0.2.Final]
	at org.hibernate.jpa.boot.internal.EntityManagerFactoryBuilderImpl.build(EntityManagerFactoryBuilderImpl.java:1475) ~[hibernate-core-7.0.2.Final.jar:7.0.2.Final]
	at org.springframework.orm.jpa.vendor.SpringHibernateJpaPersistenceProvider.createContainerEntityManagerFactory(SpringHibernateJpaPersistenceProvider.java:66) ~[spring-orm-7.0.0-20250624.203952-658.jar:7.0.0-SNAPSHOT]
	at org.springframework.orm.jpa.LocalContainerEntityManagerFactoryBean.createNativeEntityManagerFactory(LocalContainerEntityManagerFactoryBean.java:416) ~[spring-orm-7.0.0-20250624.203952-658.jar:7.0.0-SNAPSHOT]
	at org.springframework.orm.jpa.AbstractEntityManagerFactoryBean.buildNativeEntityManagerFactory(AbstractEntityManagerFactoryBean.java:414) ~[spring-orm-7.0.0-20250624.203952-658.jar:7.0.0-SNAPSHOT]
	at org.springframework.orm.jpa.AbstractEntityManagerFactoryBean.afterPropertiesSet(AbstractEntityManagerFactoryBean.java:394) ~[spring-orm-7.0.0-20250624.203952-658.jar:7.0.0-SNAPSHOT]
	at org.springframework.orm.jpa.LocalContainerEntityManagerFactoryBean.afterPropertiesSet(LocalContainerEntityManagerFactoryBean.java:392) ~[spring-orm-7.0.0-20250624.203952-658.jar:7.0.0-SNAPSHOT]
	at org.springframework.beans.factory.support.AbstractAutowireCapableBeanFactory.invokeInitMethods(AbstractAutowireCapableBeanFactory.java:1860) ~[spring-beans-7.0.0-20250624.203952-658.jar:7.0.0-SNAPSHOT]
	at org.springframework.beans.factory.support.AbstractAutowireCapableBeanFactory.initializeBean(AbstractAutowireCapableBeanFactory.java:1809) ~[spring-beans-7.0.0-20250624.203952-658.jar:7.0.0-SNAPSHOT]
	... 18 common frames omitted

